<?xml version="1.0" encoding="UTF-8"?>
<!-- Generated by org.testng.reporters.JUnitXMLReporter -->
<testsuite hostname="DESKTOP-VUS56U8" ignored="0" name="Default test" tests="16" failures="0" timestamp="17 Oct 2018 07:50:20 GMT" time="447.122" errors="0">
  <testcase name="LoginTest" time="13.44" classname="SystemMavenProject.AnotherSystem"/>
  <testcase name="FinanceTest" time="45.14" classname="SystemMavenProject.AnotherSystem"/>
  <testcase name="LoadFeesTest" time="19.079" classname="SystemMavenProject.AnotherSystem"/>
  <testcase name="ProgramsTest" time="22.9" classname="SystemMavenProject.AnotherSystem"/>
  <testcase name="ProgramProductsTest" time="25.738" classname="SystemMavenProject.AnotherSystem"/>
  <testcase name="ProgramProductRefTest" time="29.724" classname="SystemMavenProject.AnotherSystem"/>
  <testcase name="MnuProgramCarrierType" time="29.77" classname="SystemMavenProject.AnotherSystem"/>
  <testcase name="MnuProgramDeliveryFee" time="27.565" classname="SystemMavenProject.AnotherSystem"/>
  <testcase name="MnuProgramTariff" time="27.449" classname="SystemMavenProject.AnotherSystem"/>
  <testcase name="UsersSystemUserTest" time="56.506" classname="SystemMavenProject.AnotherSystem"/>
  <testcase name="UsersProgramUserTest" time="38.092" classname="SystemMavenProject.AnotherSystem"/>
  <testcase name="IPWhitelistTest" time="21.539" classname="SystemMavenProject.AnotherSystem"/>
  <testcase name="CardholderDetailsTest" time="24.918" classname="SystemMavenProject.AnotherSystem"/>
  <testcase name="SettingsPrefundTest" time="20.476" classname="SystemMavenProject.AnotherSystem"/>
  <testcase name="SettingsDeliveryMethodTest" time="27.504" classname="SystemMavenProject.AnotherSystem"/>
  <testcase name="LogsCardholders" time="17.232" classname="SystemMavenProject.AnotherSystem"/>
</testsuite> <!-- Default test -->
