<?xml version="1.0" encoding="UTF-8"?>
<testng-results skipped="0" failed="0" ignored="0" total="16" passed="16">
  <reporter-output>
  </reporter-output>
  <suite name="Default suite" duration-ms="447122" started-at="2018-10-17T07:42:52Z" finished-at="2018-10-17T07:50:20Z">
    <groups>
    </groups>
    <test name="Default test" duration-ms="447122" started-at="2018-10-17T07:42:52Z" finished-at="2018-10-17T07:50:20Z">
      <class name="SystemMavenProject.AnotherSystem">
        <test-method status="PASS" signature="LoginTest()[pri:1, instance:SystemMavenProject.AnotherSystem@6b81ce95]" name="LoginTest" duration-ms="13440" started-at="2018-10-17T07:42:52Z" finished-at="2018-10-17T07:43:06Z">
          <reporter-output>
          </reporter-output>
        </test-method> <!-- LoginTest -->
        <test-method status="PASS" signature="FinanceTest()[pri:2, instance:SystemMavenProject.AnotherSystem@6b81ce95]" name="FinanceTest" duration-ms="45140" started-at="2018-10-17T07:43:06Z" finished-at="2018-10-17T07:43:51Z">
          <reporter-output>
          </reporter-output>
        </test-method> <!-- FinanceTest -->
        <test-method status="PASS" signature="LoadFeesTest()[pri:3, instance:SystemMavenProject.AnotherSystem@6b81ce95]" name="LoadFeesTest" duration-ms="19079" started-at="2018-10-17T07:43:51Z" finished-at="2018-10-17T07:44:10Z">
          <reporter-output>
          </reporter-output>
        </test-method> <!-- LoadFeesTest -->
        <test-method status="PASS" signature="ProgramsTest()[pri:4, instance:SystemMavenProject.AnotherSystem@6b81ce95]" name="ProgramsTest" duration-ms="22900" started-at="2018-10-17T07:44:10Z" finished-at="2018-10-17T07:44:33Z">
          <reporter-output>
          </reporter-output>
        </test-method> <!-- ProgramsTest -->
        <test-method status="PASS" signature="ProgramProductsTest()[pri:5, instance:SystemMavenProject.AnotherSystem@6b81ce95]" name="ProgramProductsTest" duration-ms="25738" started-at="2018-10-17T07:44:33Z" finished-at="2018-10-17T07:44:59Z">
          <reporter-output>
          </reporter-output>
        </test-method> <!-- ProgramProductsTest -->
        <test-method status="PASS" signature="ProgramProductRefTest()[pri:6, instance:SystemMavenProject.AnotherSystem@6b81ce95]" name="ProgramProductRefTest" duration-ms="29724" started-at="2018-10-17T07:44:59Z" finished-at="2018-10-17T07:45:28Z">
          <reporter-output>
          </reporter-output>
        </test-method> <!-- ProgramProductRefTest -->
        <test-method status="PASS" signature="MnuProgramCarrierType()[pri:7, instance:SystemMavenProject.AnotherSystem@6b81ce95]" name="MnuProgramCarrierType" duration-ms="29770" started-at="2018-10-17T07:45:28Z" finished-at="2018-10-17T07:45:58Z">
          <reporter-output>
          </reporter-output>
        </test-method> <!-- MnuProgramCarrierType -->
        <test-method status="PASS" signature="MnuProgramDeliveryFee()[pri:8, instance:SystemMavenProject.AnotherSystem@6b81ce95]" name="MnuProgramDeliveryFee" duration-ms="27565" started-at="2018-10-17T07:45:58Z" finished-at="2018-10-17T07:46:26Z">
          <reporter-output>
          </reporter-output>
        </test-method> <!-- MnuProgramDeliveryFee -->
        <test-method status="PASS" signature="MnuProgramTariff()[pri:9, instance:SystemMavenProject.AnotherSystem@6b81ce95]" name="MnuProgramTariff" duration-ms="27449" started-at="2018-10-17T07:46:26Z" finished-at="2018-10-17T07:46:53Z">
          <reporter-output>
          </reporter-output>
        </test-method> <!-- MnuProgramTariff -->
        <test-method status="PASS" signature="UsersSystemUserTest()[pri:10, instance:SystemMavenProject.AnotherSystem@6b81ce95]" name="UsersSystemUserTest" duration-ms="56506" started-at="2018-10-17T07:46:53Z" finished-at="2018-10-17T07:47:50Z">
          <reporter-output>
          </reporter-output>
        </test-method> <!-- UsersSystemUserTest -->
        <test-method status="PASS" signature="UsersProgramUserTest()[pri:11, instance:SystemMavenProject.AnotherSystem@6b81ce95]" name="UsersProgramUserTest" duration-ms="38092" started-at="2018-10-17T07:47:50Z" finished-at="2018-10-17T07:48:28Z">
          <reporter-output>
          </reporter-output>
        </test-method> <!-- UsersProgramUserTest -->
        <test-method status="PASS" signature="IPWhitelistTest()[pri:12, instance:SystemMavenProject.AnotherSystem@6b81ce95]" name="IPWhitelistTest" duration-ms="21539" started-at="2018-10-17T07:48:28Z" finished-at="2018-10-17T07:48:49Z">
          <reporter-output>
          </reporter-output>
        </test-method> <!-- IPWhitelistTest -->
        <test-method status="PASS" signature="CardholderDetailsTest()[pri:13, instance:SystemMavenProject.AnotherSystem@6b81ce95]" name="CardholderDetailsTest" duration-ms="24918" started-at="2018-10-17T07:48:49Z" finished-at="2018-10-17T07:49:14Z">
          <reporter-output>
          </reporter-output>
        </test-method> <!-- CardholderDetailsTest -->
        <test-method status="PASS" signature="SettingsPrefundTest()[pri:14, instance:SystemMavenProject.AnotherSystem@6b81ce95]" name="SettingsPrefundTest" duration-ms="20476" started-at="2018-10-17T07:49:14Z" finished-at="2018-10-17T07:49:35Z">
          <reporter-output>
          </reporter-output>
        </test-method> <!-- SettingsPrefundTest -->
        <test-method status="PASS" signature="SettingsDeliveryMethodTest()[pri:15, instance:SystemMavenProject.AnotherSystem@6b81ce95]" name="SettingsDeliveryMethodTest" duration-ms="27504" started-at="2018-10-17T07:49:35Z" finished-at="2018-10-17T07:50:02Z">
          <reporter-output>
          </reporter-output>
        </test-method> <!-- SettingsDeliveryMethodTest -->
        <test-method status="PASS" signature="LogsCardholders()[pri:16, instance:SystemMavenProject.AnotherSystem@6b81ce95]" name="LogsCardholders" duration-ms="17232" started-at="2018-10-17T07:50:02Z" finished-at="2018-10-17T07:50:20Z">
          <reporter-output>
          </reporter-output>
        </test-method> <!-- LogsCardholders -->
      </class> <!-- SystemMavenProject.AnotherSystem -->
    </test> <!-- Default test -->
  </suite> <!-- Default suite -->
</testng-results>
